  BattleManager.cpp
  Dragon.cpp
  Enemy.cpp
  Goblin.cpp
  Object.cpp
  ObjectManager.cpp
  Player.cpp
C:\Users\aloho\Github\cpp_study\cppPractice\TextRPG\ObjectManager.cpp(24,22): error C2665: 'Goblin::Goblin': 모든 인수 형식을 변환할 수 있는 오버로드된 함수가 없습니다.
  (소스 파일 '/ObjectManager.cpp'을(를) 컴파일하는 중)
      C:\Users\aloho\Github\cpp_study\cppPractice\TextRPG\Goblin.h(13,1):
      'Goblin::Goblin(const Goblin &)'일 수 있습니다.
          C:\Users\aloho\Github\cpp_study\cppPractice\TextRPG\ObjectManager.cpp(24,22):
          'Goblin::Goblin(const Goblin &)': 인수 1을(를) 'ObjectType'에서 'const Goblin &'(으)로 변환할 수 없습니다.
              C:\Users\aloho\Github\cpp_study\cppPractice\TextRPG\ObjectManager.cpp(24,35):
              원인: 'ObjectType'에서 'const Goblin'(으)로 변환할 수 없습니다.
              C:\Users\aloho\Github\cpp_study\cppPractice\TextRPG\ObjectManager.cpp(24,35):
              이 변환을 수행할 수 있는 사용 가능한 사용자 정의 변환 연산자가 없거나 연산자를 호출할 수 없습니다.
      C:\Users\aloho\Github\cpp_study\cppPractice\TextRPG\ObjectManager.cpp(24,22):
      인수 목록 '(ObjectType)'을(를) 일치시키는 동안
  
C:\Users\aloho\Github\cpp_study\cppPractice\TextRPG\Player.cpp(11,35): error C2614: 'Player': 멤버 초기화가 잘못되었습니다. '_type'이(가) 기본 또는 멤버가 아닙니다.
  (소스 파일 '/Player.cpp'을(를) 컴파일하는 중)
  
  코드를 생성하고 있습니다...
